The system is: Windows - 10.0.22631 - AMD64
Compiling the C compiler identification source file "CMakeCCompilerId.c" succeeded.
Compiler: D:/Environment/x86_64-elf-tools-windows/bin/x86_64-elf-gcc.exe 
Build flags: -g;-c;-O0;-m32;-fno-pie;-fno-stack-protector;-fno-asynchronous-unwind-tables
Id flags:  

The output was:
0


Compilation of the C compiler identification source "CMakeCCompilerId.c" produced "CMakeCCompilerId.o"

The C compiler identification is GNU, found in "E:/OS/x86os/start/start/build/CMakeFiles/3.23.1/CompilerIdC/CMakeCCompilerId.o"

Determining if the C compiler works passed with the following output:
Change Dir: E:/OS/x86os/start/start/build/CMakeFiles/CMakeTmp

Run Build Command(s):D:/Environment/x86_64-elf-tools-windows/bin/make.exe -f Makefile cmTC_43f7c/fast && D:/Environment/x86_64-elf-tools-windows/bin/make.exe  -f CMakeFiles/cmTC_43f7c.dir/build.make CMakeFiles/cmTC_43f7c.dir/build
make.exe[1]: Entering directory 'E:/OS/x86os/start/start/build/CMakeFiles/CMakeTmp'
Building C object CMakeFiles/cmTC_43f7c.dir/testCCompiler.c.obj
D:/Environment/x86_64-elf-tools-windows/bin/x86_64-elf-gcc.exe   -g -c -O0 -m32 -fno-pie -fno-stack-protector -fno-asynchronous-unwind-tables  -o CMakeFiles/cmTC_43f7c.dir/testCCompiler.c.obj -c E:/OS/x86os/start/start/build/CMakeFiles/CMakeTmp/testCCompiler.c
Linking C executable cmTC_43f7c.exe
D:/Environment/cmake-3.23.1-windows-x86_64/bin/cmake.exe -E rm -f CMakeFiles/cmTC_43f7c.dir/objects.a
D:/Environment/x86_64-elf-tools-windows/bin/x86_64-elf-ar.exe qc CMakeFiles/cmTC_43f7c.dir/objects.a @CMakeFiles/cmTC_43f7c.dir/objects1.rsp
D:/Environment/x86_64-elf-tools-windows/bin/x86_64-elf-gcc.exe -g -c -O0 -m32 -fno-pie -fno-stack-protector -fno-asynchronous-unwind-tables  -Wl,--whole-archive CMakeFiles/cmTC_43f7c.dir/objects.a -Wl,--no-whole-archive -o cmTC_43f7c.exe -Wl,--out-implib,libcmTC_43f7c.dll.a -Wl,--major-image-version,0,--minor-image-version,0 @CMakeFiles/cmTC_43f7c.dir/linklibs.rsp
x86_64-elf-gcc.exe: warning: CMakeFiles/cmTC_43f7c.dir/objects.a: linker input file unused because linking not done
make.exe[1]: Leaving directory 'E:/OS/x86os/start/start/build/CMakeFiles/CMakeTmp'



Checking whether the ASM compiler is GNU using "--version" matched "(GNU assembler)|(GCC)|(Free Software Foundation)":
x86_64-elf-gcc.exe (GCC) 7.1.0
Copyright (C) 2017 Free Software Foundation, Inc.
This is free software; see the source for copying conditions.  There is NO
warranty; not even for MERCHANTABILITY or FITNESS FOR A PARTICULAR PURPOSE.

